<?xml version="1.0" encoding="UTF-8"?>
<testng-results ignored="0" total="1" passed="1" failed="0" skipped="0">
  <reporter-output>
  </reporter-output>
  <suite started-at="2025-04-07T20:21:37 IST" name="Default suite" finished-at="2025-04-07T20:21:47 IST" duration-ms="9987">
    <groups>
      <group name="cucumber">
        <method signature="AbstractTestNGCucumberTests.runScenario(io.cucumber.testng.PickleWrapper,io.cucumber.testng.FeatureWrapper)[pri:0, instance:runner.LoginRunner@175b9425]" name="runScenario" class="io.cucumber.testng.AbstractTestNGCucumberTests"/>
      </group> <!-- cucumber -->
    </groups>
    <test started-at="2025-04-07T20:21:37 IST" name="Default test" finished-at="2025-04-07T20:21:47 IST" duration-ms="9987">
      <class name="runner.LoginRunner">
        <test-method is-config="true" signature="setUpClass(org.testng.ITestContext)[pri:0, instance:runner.LoginRunner@175b9425]" started-at="2025-04-07T20:21:37 IST" name="setUpClass" finished-at="2025-04-07T20:21:37 IST" duration-ms="257" status="PASS">
          <params>
            <param index="0">
              <value>
                <![CDATA[org.testng.TestRunner@c9d82f9]]>
              </value>
            </param>
          </params>
          <reporter-output>
          </reporter-output>
        </test-method> <!-- setUpClass -->
        <test-method signature="runScenario(io.cucumber.testng.PickleWrapper,io.cucumber.testng.FeatureWrapper)[pri:0, instance:runner.LoginRunner@175b9425]" started-at="2025-04-07T20:21:37 IST" name="runScenario" description="Runs Cucumber Scenarios" data-provider="scenarios" finished-at="2025-04-07T20:21:47 IST" duration-ms="9678" status="PASS">
          <params>
            <param index="0">
              <value>
                <![CDATA["Login successful"]]>
              </value>
            </param>
            <param index="1">
              <value>
                <![CDATA["Login feature"]]>
              </value>
            </param>
          </params>
          <reporter-output>
          </reporter-output>
        </test-method> <!-- runScenario -->
        <test-method is-config="true" signature="tearDownClass()[pri:0, instance:runner.LoginRunner@175b9425]" started-at="2025-04-07T20:21:47 IST" name="tearDownClass" finished-at="2025-04-07T20:21:47 IST" duration-ms="3" status="PASS">
          <reporter-output>
          </reporter-output>
        </test-method> <!-- tearDownClass -->
      </class> <!-- runner.LoginRunner -->
    </test> <!-- Default test -->
  </suite> <!-- Default suite -->
</testng-results>
