<?xml version="1.0" encoding="UTF-8"?>
<testng-results ignored="0" total="3" passed="2" failed="1" skipped="0">
  <reporter-output>
  </reporter-output>
  <suite started-at="2025-04-08T19:34:31 IST" name="Default suite" finished-at="2025-04-08T19:34:53 IST" duration-ms="22041">
    <groups>
      <group name="cucumber">
        <method signature="AbstractTestNGCucumberTests.runScenario(io.cucumber.testng.PickleWrapper,io.cucumber.testng.FeatureWrapper)[pri:0, instance:runner.LoginRunner@75d4a5c2]" name="runScenario" class="io.cucumber.testng.AbstractTestNGCucumberTests"/>
      </group> <!-- cucumber -->
    </groups>
    <test started-at="2025-04-08T19:34:31 IST" name="Default test" finished-at="2025-04-08T19:34:53 IST" duration-ms="22041">
      <class name="runner.LoginRunner">
        <test-method is-config="true" signature="setUpClass(org.testng.ITestContext)[pri:0, instance:runner.LoginRunner@75d4a5c2]" started-at="2025-04-08T19:34:31 IST" name="setUpClass" finished-at="2025-04-08T19:34:31 IST" duration-ms="244" status="PASS">
          <params>
            <param index="0">
              <value>
                <![CDATA[org.testng.TestRunner@c81fd12]]>
              </value>
            </param>
          </params>
          <reporter-output>
          </reporter-output>
        </test-method> <!-- setUpClass -->
        <test-method signature="runScenario(io.cucumber.testng.PickleWrapper,io.cucumber.testng.FeatureWrapper)[pri:0, instance:runner.LoginRunner@75d4a5c2]" started-at="2025-04-08T19:34:31 IST" name="runScenario" description="Runs Cucumber Scenarios" data-provider="scenarios" finished-at="2025-04-08T19:34:41 IST" duration-ms="9830" status="PASS">
          <params>
            <param index="0">
              <value>
                <![CDATA["Login successful"]]>
              </value>
            </param>
            <param index="1">
              <value>
                <![CDATA["Login feature"]]>
              </value>
            </param>
          </params>
          <reporter-output>
          </reporter-output>
        </test-method> <!-- runScenario -->
        <test-method signature="runScenario(io.cucumber.testng.PickleWrapper,io.cucumber.testng.FeatureWrapper)[pri:0, instance:runner.LoginRunner@75d4a5c2]" started-at="2025-04-08T19:34:41 IST" name="runScenario" description="Runs Cucumber Scenarios" data-provider="scenarios" finished-at="2025-04-08T19:34:47 IST" duration-ms="6041" status="PASS">
          <params>
            <param index="0">
              <value>
                <![CDATA["Login failed"]]>
              </value>
            </param>
            <param index="1">
              <value>
                <![CDATA["Login feature"]]>
              </value>
            </param>
          </params>
          <reporter-output>
          </reporter-output>
        </test-method> <!-- runScenario -->
        <test-method signature="runScenario(io.cucumber.testng.PickleWrapper,io.cucumber.testng.FeatureWrapper)[pri:0, instance:runner.LoginRunner@75d4a5c2]" started-at="2025-04-08T19:34:47 IST" name="runScenario" description="Runs Cucumber Scenarios" data-provider="scenarios" finished-at="2025-04-08T19:34:53 IST" duration-ms="5883" status="FAIL">
          <params>
            <param index="0">
              <value>
                <![CDATA["Product view scenario"]]>
              </value>
            </param>
            <param index="1">
              <value>
                <![CDATA["Product view feature"]]>
              </value>
            </param>
          </params>
          <exception class="java.lang.NullPointerException">
            <message>
              <![CDATA[Cannot invoke "pages.ProductPage.clickAddToCartButton()" because "this.product" is null]]>
            </message>
            <full-stacktrace>
              <![CDATA[java.lang.NullPointerException: Cannot invoke "pages.ProductPage.clickAddToCartButton()" because "this.product" is null
at stepDefinition.ProductStepDefinition.userAddProductToTheCart(ProductStepDefinition.java:17)
at ✽.user add product to the cart(file:///C:/Users/SYS%201/Desktop/ecommerce%20Cucumber%20Task/ecommerceTask/src/test/resources/Features/productPage.feature:8)
]]>
            </full-stacktrace>
          </exception> <!-- java.lang.NullPointerException -->
          <reporter-output>
          </reporter-output>
        </test-method> <!-- runScenario -->
        <test-method is-config="true" signature="tearDownClass()[pri:0, instance:runner.LoginRunner@75d4a5c2]" started-at="2025-04-08T19:34:53 IST" name="tearDownClass" finished-at="2025-04-08T19:34:53 IST" duration-ms="3" status="PASS">
          <reporter-output>
          </reporter-output>
        </test-method> <!-- tearDownClass -->
      </class> <!-- runner.LoginRunner -->
    </test> <!-- Default test -->
  </suite> <!-- Default suite -->
</testng-results>
