<?xml version="1.0" encoding="UTF-8"?>
<!-- Generated by org.testng.reporters.JUnitReportReporter -->
<testsuite hostname="Classroom" failures="0" tests="3" name="runner.LoginRunner" time="21.754" errors="1" timestamp="2025-04-08T19:34:53 IST" skipped="0">
  <testcase classname="runner.LoginRunner" name="runScenario" time="5.883">
    <error message="Cannot invoke &quot;pages.ProductPage.clickAddToCartButton()&quot; because &quot;this.product&quot; is null" type="java.lang.NullPointerException">
      <![CDATA[java.lang.NullPointerException: Cannot invoke "pages.ProductPage.clickAddToCartButton()" because "this.product" is null
at stepDefinition.ProductStepDefinition.userAddProductToTheCart(ProductStepDefinition.java:17)
at ✽.user add product to the cart(file:///C:/Users/SYS%201/Desktop/ecommerce%20Cucumber%20Task/ecommerceTask/src/test/resources/Features/productPage.feature:8)
]]>
    </error>
  </testcase> <!-- runScenario -->
  <system-out/>
  <testcase classname="runner.LoginRunner" name="runScenario" time="9.830"/>
  <system-out/>
  <testcase classname="runner.LoginRunner" name="runScenario" time="6.041"/>
  <system-out/>
</testsuite> <!-- runner.LoginRunner -->
